<?xml version="1.0" encoding="UTF-8"?>
<Site BuildName="Linux-g++"
	BuildStamp="20251005-0118-Experimental"
	Name="SOUL"
	Generator="ctest-4.1.2"
	CompilerName="/usr/bin/g++"
	CompilerVersion="15.2.1"
	OSName="Linux"
	Hostname="SOUL"
	OSRelease="6.16.10-arch1-1"
	OSVersion="#1 SMP PREEMPT_DYNAMIC Thu, 02 Oct 2025 19:26:36 +0000"
	OSPlatform="x86_64"
	Is64Bits="1"
	VendorString="AuthenticAMD"
	VendorID="Advanced Micro Devices"
	FamilyID="25"
	ModelID="33"
	ModelName="AMD Ryzen 9 5900X 12-Core Processor"
	ProcessorCacheSize="512"
	NumberOfLogicalCPU="24"
	NumberOfPhysicalCPU="12"
	TotalVirtualMemory="599"
	TotalPhysicalMemory="64202"
	LogicalProcessorsPerPhysical="2"
	ProcessorClockFrequency="3812.33"
	>
	<Testing>
		<StartDateTime>Oct 04 18:34 PDT</StartDateTime>
		<StartTestTime>1759628060</StartTestTime>
		<TestList/>
		<EndDateTime>Oct 04 18:34 PDT</EndDateTime>
		<EndTestTime>1759628060</EndTestTime>
		<ElapsedMinutes>0</ElapsedMinutes>
	</Testing>
</Site>
